<?xml version="1.0" encoding="UTF-8"?>
<!-- Generated by org.testng.reporters.JUnitReportReporter -->
<testsuite hostname="USER-20160327TR" name="com.zf.appium.testcases.LoginTest" tests="1" failures="0" timestamp="24 May 2016 04:21:04 GMT" time="59.780" errors="0">
  <testcase name="login" time="59.780" classname="com.zf.appium.testcases.LoginTest"/>
</testsuite> <!-- com.zf.appium.testcases.LoginTest -->
