<?xml version="1.0" encoding="UTF-8"?>
<!-- Generated by org.testng.reporters.JUnitReportReporter -->
<testsuite hostname="USER-20160327TR" name="com.zf.appium.num1.LoginTest" tests="1" failures="0" timestamp="20 May 2016 08:17:14 GMT" time="66.480" errors="0">
  <testcase name="login" time="66.480" classname="com.zf.appium.num1.LoginTest"/>
</testsuite> <!-- com.zf.appium.num1.LoginTest -->
